  Assembling ASM6 - ReverseString.asm...
ASM6 - ReverseString.asm(1): error A2008: syntax error : .
ASM6 - ReverseString.asm(2): error A2008: syntax error : .
D:\masm32\include\masm32.inc(36): error A2008: syntax error : fpin
D:\masm32\include\masm32.inc(37): error A2008: syntax error : fpin
D:\masm32\include\masm32.inc(38): error A2008: syntax error : szIn
ASM6 - ReverseString.asm(16): error A2070: invalid instruction operands
ASM6 - ReverseString.asm(19): error A2070: invalid instruction operands
ASM6 - ReverseString.asm(22): error A2070: invalid instruction operands
ASM6 - ReverseString.asm(30): error A2070: invalid instruction operands
ASM6 - ReverseString.asm(32): error A2070: invalid instruction operands
ASM6 - ReverseString.asm(33): error A2070: invalid instruction operands
ASM6 - ReverseString.asm(45): error A2070: invalid instruction operands
ASM6 - ReverseString.asm(50): error A2070: invalid instruction operands
ASM6 - ReverseString.asm(59): error A2070: invalid instruction operands
ASM6 - ReverseString.asm(60): error A2070: invalid instruction operands
ASM6 - ReverseString.asm(61): error A2070: invalid instruction operands
ASM6 - ReverseString.asm(65): error A2008: syntax error : main
ASM6 - ReverseString.asm(67): error A2088: END directive required at end of file
C:\Program Files (x86)\Microsoft Visual Studio\2019\Community\MSBuild\Microsoft\VC\v160\BuildCustomizations\masm.targets(70,5): error MSB3721: The command "ml64.exe /c /nologo /Zi /Fo"x64\Debug\ASM6 - ReverseString.obj" /W3 /errorReport:prompt  /Ta"ASM6 - ReverseString.asm"" exited with code 1.
